Using pre-set license
Built from '2020.3/staging' branch; Version is '2020.3.3f1 (76626098c1c4) revision 7758432'; Using compiler version '192528614'; Build Type 'Release'
OS: 'Windows 10 Home; OS build 19042.928; Version 2009; 64bit' Language: 'en' Physical Memory: 32568 MB
BatchMode: 1, IsHumanControllingUs: 0, StartBugReporterOnCrash: 0, Is64bit: 1, IsPro: 0

 COMMAND LINE ARGUMENTS:
C:\Program Files\Unity\Hub\Editor\2020.3.3f1\Editor\Unity.exe
-adb2
-batchMode
-noUpm
-name
AssetImportWorker0
-projectPath
C:/Users/captk/Desktop/School Work/VGP123/VGP123_CASTLEVANIA_Nickel_Lisa
-logFile
Logs/AssetImportWorker0.log
-srvPort
51369
Successfully changed project path to: C:/Users/captk/Desktop/School Work/VGP123/VGP123_CASTLEVANIA_Nickel_Lisa
C:/Users/captk/Desktop/School Work/VGP123/VGP123_CASTLEVANIA_Nickel_Lisa
Using Asset Import Pipeline V2.
Refreshing native plugins compatible for Editor in 27.99 ms, found 1 plugins.
Preloading 0 native plugins for Editor in 0.00 ms.
Initialize engine version: 2020.3.3f1 (76626098c1c4)
[Subsystems] Discovering subsystems at path C:/Program Files/Unity/Hub/Editor/2020.3.3f1/Editor/Data/Resources/UnitySubsystems
[Subsystems] Discovering subsystems at path C:/Users/captk/Desktop/School Work/VGP123/VGP123_CASTLEVANIA_Nickel_Lisa/Assets
GfxDevice: creating device client; threaded=0
Direct3D:
    Version:  Direct3D 11.0 [level 11.1]
    Renderer: NVIDIA GeForce RTX 3080 (ID=0x2206)
    Vendor:   
    VRAM:     10078 MB
    Driver:   27.21.14.6137
Initialize mono
Mono path[0] = 'C:/Program Files/Unity/Hub/Editor/2020.3.3f1/Editor/Data/Managed'
Mono path[1] = 'C:/Program Files/Unity/Hub/Editor/2020.3.3f1/Editor/Data/MonoBleedingEdge/lib/mono/unityjit'
Mono config path = 'C:/Program Files/Unity/Hub/Editor/2020.3.3f1/Editor/Data/MonoBleedingEdge/etc'
Using monoOptions --debugger-agent=transport=dt_socket,embedding=1,server=y,suspend=n,address=127.0.0.1:56216
Begin MonoManager ReloadAssembly
Registering precompiled unity dll's ...
Register platform support module: C:/Program Files/Unity/Hub/Editor/2020.3.3f1/Editor/Data/PlaybackEngines/WindowsStandaloneSupport/UnityEditor.WindowsStandalone.Extensions.dll
Registered in 0.001726 seconds.
Native extension for WindowsStandalone target not found
Refreshing native plugins compatible for Editor in 28.38 ms, found 1 plugins.
Preloading 0 native plugins for Editor in 0.00 ms.
Invoked RoslynAnalysisRunner static constructor.
RoslynAnalysisRunner will not be running.
RoslynAnalysisRunner has terminated.
Mono: successfully reloaded assembly
- Completed reload, in  0.806 seconds
Platform modules already initialized, skipping
Registering precompiled user dll's ...
Registered in 0.000843 seconds.
Begin MonoManager ReloadAssembly
Native extension for WindowsStandalone target not found
Refreshing native plugins compatible for Editor in 28.81 ms, found 1 plugins.
Preloading 0 native plugins for Editor in 0.00 ms.
Invoked RoslynAnalysisRunner static constructor.
RoslynAnalysisRunner will not be running.
RoslynAnalysisRunner has terminated.
Mono: successfully reloaded assembly
- Completed reload, in  0.707 seconds
Platform modules already initialized, skipping
========================================================================
Worker process is ready to serve import requests
Launched and connected shader compiler UnityShaderCompiler.exe after 0.03 seconds
Refreshing native plugins compatible for Editor in 0.30 ms, found 1 plugins.
Preloading 0 native plugins for Editor in 0.00 ms.
Unloading 1963 Unused Serialized files (Serialized files now loaded: 0)
System memory in use before: 90.1 MB.
System memory in use after: 90.1 MB.

Unloading 25 unused Assets to reduce memory usage. Loaded Objects now: 2406.
Total: 1.772600 ms (FindLiveObjects: 0.152600 ms CreateObjectMapping: 0.052500 ms MarkObjects: 1.475200 ms  DeleteObjects: 0.091400 ms)

========================================================================
Received Import Request.
  path: Assets/Scripts/MISC/Projectile.cs
  artifactKey: Guid(bc95f7a33d8ca1f418afa74c1c5736a1) Importer(815301076,1909f56bfc062723c751e8b465ee728b)
Start importing Assets/Scripts/MISC/Projectile.cs using Guid(bc95f7a33d8ca1f418afa74c1c5736a1) Importer(815301076,1909f56bfc062723c751e8b465ee728b)  -> (artifact id: '6caaed77363fba6f62b41137a8a65fac') in 0.015145 seconds
  Import took 0.017400 seconds .

========================================================================
Received Import Request.
  Time since last request: 0.000208 seconds.
  path: Assets/Scripts/Enemies/EnemyWalker.cs
  artifactKey: Guid(1a6aedb20f6ecd6439ae0fd5172b34cc) Importer(815301076,1909f56bfc062723c751e8b465ee728b)
Start importing Assets/Scripts/Enemies/EnemyWalker.cs using Guid(1a6aedb20f6ecd6439ae0fd5172b34cc) Importer(815301076,1909f56bfc062723c751e8b465ee728b)  -> (artifact id: 'd6dd8f1c3929c8eb7a74788cec9eb2ef') in 0.001642 seconds
  Import took 0.003372 seconds .

========================================================================
Received Prepare
Registering precompiled user dll's ...
Registered in 0.000832 seconds.
Begin MonoManager ReloadAssembly
Native extension for WindowsStandalone target not found
Refreshing native plugins compatible for Editor in 0.33 ms, found 1 plugins.
Preloading 0 native plugins for Editor in 0.00 ms.
Invoked RoslynAnalysisRunner static constructor.
RoslynAnalysisRunner will not be running.
RoslynAnalysisRunner has terminated.
Mono: successfully reloaded assembly
- Completed reload, in  0.640 seconds
Platform modules already initialized, skipping
Refreshing native plugins compatible for Editor in 0.25 ms, found 1 plugins.
Preloading 0 native plugins for Editor in 0.00 ms.
Unloading 1956 Unused Serialized files (Serialized files now loaded: 0)
System memory in use before: 90.0 MB.
System memory in use after: 89.9 MB.

Unloading 13 unused Assets to reduce memory usage. Loaded Objects now: 2410.
Total: 2.104100 ms (FindLiveObjects: 0.236300 ms CreateObjectMapping: 0.070800 ms MarkObjects: 1.693800 ms  DeleteObjects: 0.102400 ms)

========================================================================
Received Prepare
Registering precompiled user dll's ...
Registered in 0.000750 seconds.
Begin MonoManager ReloadAssembly
Native extension for WindowsStandalone target not found
Refreshing native plugins compatible for Editor in 0.31 ms, found 1 plugins.
Preloading 0 native plugins for Editor in 0.00 ms.
Invoked RoslynAnalysisRunner static constructor.
RoslynAnalysisRunner will not be running.
RoslynAnalysisRunner has terminated.
Mono: successfully reloaded assembly
- Completed reload, in  0.636 seconds
Platform modules already initialized, skipping
Refreshing native plugins compatible for Editor in 0.29 ms, found 1 plugins.
Preloading 0 native plugins for Editor in 0.00 ms.
Unloading 1956 Unused Serialized files (Serialized files now loaded: 0)
System memory in use before: 90.0 MB.
System memory in use after: 90.0 MB.

Unloading 13 unused Assets to reduce memory usage. Loaded Objects now: 2414.
Total: 1.627300 ms (FindLiveObjects: 0.168000 ms CreateObjectMapping: 0.063500 ms MarkObjects: 1.321500 ms  DeleteObjects: 0.073800 ms)

========================================================================
Received Import Request.
  Time since last request: 179.055278 seconds.
  path: Assets/Prefabs/Enemies/EnemyProjectile.prefab
  artifactKey: Guid(71f19d10294556d4f961b16e3931b86d) Importer(815301076,1909f56bfc062723c751e8b465ee728b)
Start importing Assets/Prefabs/Enemies/EnemyProjectile.prefab using Guid(71f19d10294556d4f961b16e3931b86d) Importer(815301076,1909f56bfc062723c751e8b465ee728b)  -> (artifact id: '6768053afad0bd2c1a61e86650491a6b') in 0.066299 seconds
  Import took 0.068776 seconds .

========================================================================
Received Import Request.
  Time since last request: 16.650203 seconds.
  path: Assets/Sprites/Enemies/Animations/TorchIdle.anim
  artifactKey: Guid(b2cbd9de3fea31142b85d1f9e2d085d8) Importer(815301076,1909f56bfc062723c751e8b465ee728b)
Start importing Assets/Sprites/Enemies/Animations/TorchIdle.anim using Guid(b2cbd9de3fea31142b85d1f9e2d085d8) Importer(815301076,1909f56bfc062723c751e8b465ee728b)  -> (artifact id: '414e3204c8dd49a1ea48afc34bbb26bc') in 0.003402 seconds
  Import took 0.005636 seconds .

========================================================================
Received Import Request.
  Time since last request: 0.012363 seconds.
  path: Assets/Sprites/Enemies/Animations/TorchIdle.anim
  artifactKey: Guid(b2cbd9de3fea31142b85d1f9e2d085d8) Importer(815301076,1909f56bfc062723c751e8b465ee728b)
Start importing Assets/Sprites/Enemies/Animations/TorchIdle.anim using Guid(b2cbd9de3fea31142b85d1f9e2d085d8) Importer(815301076,1909f56bfc062723c751e8b465ee728b)  -> (artifact id: '414e3204c8dd49a1ea48afc34bbb26bc') in 0.002213 seconds
  Import took 0.004482 seconds .

========================================================================
Received Prepare
Registering precompiled user dll's ...
Registered in 0.000848 seconds.
Begin MonoManager ReloadAssembly
Native extension for WindowsStandalone target not found
Refreshing native plugins compatible for Editor in 0.30 ms, found 1 plugins.
Preloading 0 native plugins for Editor in 0.00 ms.
Invoked RoslynAnalysisRunner static constructor.
RoslynAnalysisRunner will not be running.
RoslynAnalysisRunner has terminated.
Mono: successfully reloaded assembly
- Completed reload, in  0.632 seconds
Platform modules already initialized, skipping
Refreshing native plugins compatible for Editor in 0.24 ms, found 1 plugins.
Preloading 0 native plugins for Editor in 0.00 ms.
Unloading 1956 Unused Serialized files (Serialized files now loaded: 0)
System memory in use before: 93.1 MB.
System memory in use after: 93.1 MB.

Unloading 13 unused Assets to reduce memory usage. Loaded Objects now: 2425.
Total: 1.735400 ms (FindLiveObjects: 0.158200 ms CreateObjectMapping: 0.063600 ms MarkObjects: 1.445400 ms  DeleteObjects: 0.067800 ms)

========================================================================
Received Prepare
Registering precompiled user dll's ...
Registered in 0.000870 seconds.
Begin MonoManager ReloadAssembly
Native extension for WindowsStandalone target not found
Refreshing native plugins compatible for Editor in 0.32 ms, found 1 plugins.
Preloading 0 native plugins for Editor in 0.00 ms.
Invoked RoslynAnalysisRunner static constructor.
RoslynAnalysisRunner will not be running.
RoslynAnalysisRunner has terminated.
Mono: successfully reloaded assembly
- Completed reload, in  0.636 seconds
Platform modules already initialized, skipping
Refreshing native plugins compatible for Editor in 0.29 ms, found 1 plugins.
Preloading 0 native plugins for Editor in 0.00 ms.
Unloading 1956 Unused Serialized files (Serialized files now loaded: 0)
System memory in use before: 93.2 MB.
System memory in use after: 93.1 MB.

Unloading 13 unused Assets to reduce memory usage. Loaded Objects now: 2429.
Total: 1.697700 ms (FindLiveObjects: 0.177500 ms CreateObjectMapping: 0.072000 ms MarkObjects: 1.366800 ms  DeleteObjects: 0.080400 ms)

========================================================================
Received Prepare
Registering precompiled user dll's ...
Registered in 0.000798 seconds.
Begin MonoManager ReloadAssembly
Native extension for WindowsStandalone target not found
Refreshing native plugins compatible for Editor in 0.34 ms, found 1 plugins.
Preloading 0 native plugins for Editor in 0.00 ms.
Invoked RoslynAnalysisRunner static constructor.
RoslynAnalysisRunner will not be running.
RoslynAnalysisRunner has terminated.
Mono: successfully reloaded assembly
- Completed reload, in  0.637 seconds
Platform modules already initialized, skipping
Refreshing native plugins compatible for Editor in 0.30 ms, found 1 plugins.
Preloading 0 native plugins for Editor in 0.00 ms.
Unloading 1956 Unused Serialized files (Serialized files now loaded: 0)
System memory in use before: 93.2 MB.
System memory in use after: 93.1 MB.

Unloading 13 unused Assets to reduce memory usage. Loaded Objects now: 2433.
Total: 1.743900 ms (FindLiveObjects: 0.161600 ms CreateObjectMapping: 0.052000 ms MarkObjects: 1.452900 ms  DeleteObjects: 0.076800 ms)

========================================================================
Received Import Request.
  Time since last request: 550.251777 seconds.
  path: Assets/Scripts/Enemies/EnemyProjectile.cs
  artifactKey: Guid(10f29b2c188e5cb4488212143a5cd1f9) Importer(815301076,1909f56bfc062723c751e8b465ee728b)
Start importing Assets/Scripts/Enemies/EnemyProjectile.cs using Guid(10f29b2c188e5cb4488212143a5cd1f9) Importer(815301076,1909f56bfc062723c751e8b465ee728b)  -> (artifact id: '4bc9db185af47d70d58a0e57f33cc15b') in 0.003748 seconds
  Import took 0.006182 seconds .

========================================================================
Received Prepare
Registering precompiled user dll's ...
Registered in 0.000918 seconds.
Begin MonoManager ReloadAssembly
Native extension for WindowsStandalone target not found
Refreshing native plugins compatible for Editor in 0.33 ms, found 1 plugins.
Preloading 0 native plugins for Editor in 0.00 ms.
Invoked RoslynAnalysisRunner static constructor.
RoslynAnalysisRunner will not be running.
RoslynAnalysisRunner has terminated.
Mono: successfully reloaded assembly
- Completed reload, in  0.634 seconds
Platform modules already initialized, skipping
Refreshing native plugins compatible for Editor in 0.37 ms, found 1 plugins.
Preloading 0 native plugins for Editor in 0.00 ms.
Unloading 1957 Unused Serialized files (Serialized files now loaded: 0)
System memory in use before: 93.2 MB.
System memory in use after: 93.2 MB.

Unloading 13 unused Assets to reduce memory usage. Loaded Objects now: 2438.
Total: 1.676000 ms (FindLiveObjects: 0.184400 ms CreateObjectMapping: 0.061400 ms MarkObjects: 1.342100 ms  DeleteObjects: 0.087300 ms)

========================================================================
Received Prepare
Registering precompiled user dll's ...
Registered in 0.000821 seconds.
Begin MonoManager ReloadAssembly
Native extension for WindowsStandalone target not found
Refreshing native plugins compatible for Editor in 0.33 ms, found 1 plugins.
Preloading 0 native plugins for Editor in 0.00 ms.
Invoked RoslynAnalysisRunner static constructor.
RoslynAnalysisRunner will not be running.
RoslynAnalysisRunner has terminated.
Mono: successfully reloaded assembly
- Completed reload, in  0.631 seconds
Platform modules already initialized, skipping
Refreshing native plugins compatible for Editor in 0.27 ms, found 1 plugins.
Preloading 0 native plugins for Editor in 0.00 ms.
Unloading 1957 Unused Serialized files (Serialized files now loaded: 0)
System memory in use before: 93.2 MB.
System memory in use after: 93.2 MB.

Unloading 13 unused Assets to reduce memory usage. Loaded Objects now: 2442.
Total: 1.795200 ms (FindLiveObjects: 0.161400 ms CreateObjectMapping: 0.050200 ms MarkObjects: 1.507900 ms  DeleteObjects: 0.075000 ms)

========================================================================
Received Import Request.
  Time since last request: 182.392770 seconds.
  path: Assets/Scripts/Enemies/EnemyProjectile.cs
  artifactKey: Guid(10f29b2c188e5cb4488212143a5cd1f9) Importer(815301076,1909f56bfc062723c751e8b465ee728b)
Start importing Assets/Scripts/Enemies/EnemyProjectile.cs using Guid(10f29b2c188e5cb4488212143a5cd1f9) Importer(815301076,1909f56bfc062723c751e8b465ee728b)  -> (artifact id: '5f6d7fb213dff71e4de589743f01fc1d') in 0.003591 seconds
  Import took 0.005853 seconds .

========================================================================
Received Prepare
Registering precompiled user dll's ...
Registered in 0.000852 seconds.
Begin MonoManager ReloadAssembly
Native extension for WindowsStandalone target not found
Refreshing native plugins compatible for Editor in 0.32 ms, found 1 plugins.
Preloading 0 native plugins for Editor in 0.00 ms.
Invoked RoslynAnalysisRunner static constructor.
RoslynAnalysisRunner will not be running.
RoslynAnalysisRunner has terminated.
Mono: successfully reloaded assembly
- Completed reload, in  0.631 seconds
Platform modules already initialized, skipping
Refreshing native plugins compatible for Editor in 0.27 ms, found 1 plugins.
Preloading 0 native plugins for Editor in 0.00 ms.
Unloading 1957 Unused Serialized files (Serialized files now loaded: 0)
System memory in use before: 93.2 MB.
System memory in use after: 93.2 MB.

Unloading 13 unused Assets to reduce memory usage. Loaded Objects now: 2446.
Total: 1.956500 ms (FindLiveObjects: 0.236500 ms CreateObjectMapping: 0.123900 ms MarkObjects: 1.499500 ms  DeleteObjects: 0.095800 ms)

========================================================================
Received Prepare
Registering precompiled user dll's ...
Registered in 0.000817 seconds.
Begin MonoManager ReloadAssembly
Native extension for WindowsStandalone target not found
Refreshing native plugins compatible for Editor in 0.30 ms, found 1 plugins.
Preloading 0 native plugins for Editor in 0.00 ms.
Invoked RoslynAnalysisRunner static constructor.
RoslynAnalysisRunner will not be running.
RoslynAnalysisRunner has terminated.
Mono: successfully reloaded assembly
- Completed reload, in  0.623 seconds
Platform modules already initialized, skipping
Refreshing native plugins compatible for Editor in 0.26 ms, found 1 plugins.
Preloading 0 native plugins for Editor in 0.00 ms.
Unloading 1957 Unused Serialized files (Serialized files now loaded: 0)
System memory in use before: 93.2 MB.
System memory in use after: 93.2 MB.

Unloading 13 unused Assets to reduce memory usage. Loaded Objects now: 2450.
Total: 1.998300 ms (FindLiveObjects: 0.193800 ms CreateObjectMapping: 0.073100 ms MarkObjects: 1.635600 ms  DeleteObjects: 0.095000 ms)

========================================================================
Received Prepare
Registering precompiled user dll's ...
Registered in 0.001013 seconds.
Begin MonoManager ReloadAssembly
Native extension for WindowsStandalone target not found
Refreshing native plugins compatible for Editor in 0.33 ms, found 1 plugins.
Preloading 0 native plugins for Editor in 0.00 ms.
Invoked RoslynAnalysisRunner static constructor.
RoslynAnalysisRunner will not be running.
RoslynAnalysisRunner has terminated.
Mono: successfully reloaded assembly
- Completed reload, in  0.644 seconds
Platform modules already initialized, skipping
Refreshing native plugins compatible for Editor in 0.26 ms, found 1 plugins.
Preloading 0 native plugins for Editor in 0.00 ms.
Unloading 1957 Unused Serialized files (Serialized files now loaded: 0)
System memory in use before: 93.2 MB.
System memory in use after: 93.2 MB.

Unloading 13 unused Assets to reduce memory usage. Loaded Objects now: 2454.
Total: 1.619500 ms (FindLiveObjects: 0.175700 ms CreateObjectMapping: 0.067100 ms MarkObjects: 1.306600 ms  DeleteObjects: 0.069600 ms)

AssetImportWorkerClient::OnTransportError - code=2 error=End of file
